Determining if the pthread_create exist failed with the following output:
Change Dir: /home/manoj/Documents/sem4/computer_graphics/Assignment2/Among-us/build/CMakeFiles/CMakeTmp

Run Build Command:"/usr/bin/make" "cmTC_ca8df/fast"
/usr/bin/make -f CMakeFiles/cmTC_ca8df.dir/build.make CMakeFiles/cmTC_ca8df.dir/build
make[1]: Entering directory '/home/manoj/Documents/sem4/computer_graphics/Assignment2/Among-us/build/CMakeFiles/CMakeTmp'
Building C object CMakeFiles/cmTC_ca8df.dir/CheckSymbolExists.c.o
/usr/bin/cc    -o CMakeFiles/cmTC_ca8df.dir/CheckSymbolExists.c.o   -c /home/manoj/Documents/sem4/computer_graphics/Assignment2/Among-us/build/CMakeFiles/CMakeTmp/CheckSymbolExists.c
Linking C executable cmTC_ca8df
/usr/bin/cmake -E cmake_link_script CMakeFiles/cmTC_ca8df.dir/link.txt --verbose=1
/usr/bin/cc      -rdynamic CMakeFiles/cmTC_ca8df.dir/CheckSymbolExists.c.o  -o cmTC_ca8df 
CMakeFiles/cmTC_ca8df.dir/CheckSymbolExists.c.o: In function `main':
CheckSymbolExists.c:(.text+0x1b): undefined reference to `pthread_create'
collect2: error: ld returned 1 exit status
CMakeFiles/cmTC_ca8df.dir/build.make:97: recipe for target 'cmTC_ca8df' failed
make[1]: *** [cmTC_ca8df] Error 1
make[1]: Leaving directory '/home/manoj/Documents/sem4/computer_graphics/Assignment2/Among-us/build/CMakeFiles/CMakeTmp'
Makefile:126: recipe for target 'cmTC_ca8df/fast' failed
make: *** [cmTC_ca8df/fast] Error 2

File /home/manoj/Documents/sem4/computer_graphics/Assignment2/Among-us/build/CMakeFiles/CMakeTmp/CheckSymbolExists.c:
/* */
#include <pthread.h>

int main(int argc, char** argv)
{
  (void)argv;
#ifndef pthread_create
  return ((int*)(&pthread_create))[argc];
#else
  (void)argc;
  return 0;
#endif
}

Determining if the function pthread_create exists in the pthreads failed with the following output:
Change Dir: /home/manoj/Documents/sem4/computer_graphics/Assignment2/Among-us/build/CMakeFiles/CMakeTmp

Run Build Command:"/usr/bin/make" "cmTC_ace8e/fast"
/usr/bin/make -f CMakeFiles/cmTC_ace8e.dir/build.make CMakeFiles/cmTC_ace8e.dir/build
make[1]: Entering directory '/home/manoj/Documents/sem4/computer_graphics/Assignment2/Among-us/build/CMakeFiles/CMakeTmp'
Building C object CMakeFiles/cmTC_ace8e.dir/CheckFunctionExists.c.o
/usr/bin/cc   -DCHECK_FUNCTION_EXISTS=pthread_create   -o CMakeFiles/cmTC_ace8e.dir/CheckFunctionExists.c.o   -c /usr/share/cmake-3.10/Modules/CheckFunctionExists.c
Linking C executable cmTC_ace8e
/usr/bin/cmake -E cmake_link_script CMakeFiles/cmTC_ace8e.dir/link.txt --verbose=1
/usr/bin/cc  -DCHECK_FUNCTION_EXISTS=pthread_create    -rdynamic CMakeFiles/cmTC_ace8e.dir/CheckFunctionExists.c.o  -o cmTC_ace8e -lpthreads 
/usr/bin/ld: cannot find -lpthreads
collect2: error: ld returned 1 exit status
CMakeFiles/cmTC_ace8e.dir/build.make:97: recipe for target 'cmTC_ace8e' failed
make[1]: *** [cmTC_ace8e] Error 1
make[1]: Leaving directory '/home/manoj/Documents/sem4/computer_graphics/Assignment2/Among-us/build/CMakeFiles/CMakeTmp'
Makefile:126: recipe for target 'cmTC_ace8e/fast' failed
make: *** [cmTC_ace8e/fast] Error 2


